timestamp: 2012-03-26T16:14:57.404000
CREATE TABLE auth_user(
    id INTEGER PRIMARY KEY AUTOINCREMENT,
    first_name CHAR(128),
    last_name CHAR(128),
    email CHAR(512),
    password CHAR(512),
    registration_key CHAR(512),
    reset_password_key CHAR(512),
    registration_id CHAR(512)
);
success!
timestamp: 2012-03-26T16:14:57.528000
CREATE TABLE auth_group(
    id INTEGER PRIMARY KEY AUTOINCREMENT,
    role CHAR(512),
    description TEXT
);
success!
timestamp: 2012-03-26T16:14:57.649000
CREATE TABLE auth_membership(
    id INTEGER PRIMARY KEY AUTOINCREMENT,
    user_id INTEGER REFERENCES auth_user(id) ON DELETE CASCADE,
    group_id INTEGER REFERENCES auth_group(id) ON DELETE CASCADE
);
success!
timestamp: 2012-03-26T16:14:57.802000
CREATE TABLE auth_permission(
    id INTEGER PRIMARY KEY AUTOINCREMENT,
    group_id INTEGER REFERENCES auth_group(id) ON DELETE CASCADE,
    name CHAR(512),
    table_name CHAR(512),
    record_id INTEGER
);
success!
timestamp: 2012-03-26T16:14:57.928000
CREATE TABLE auth_event(
    id INTEGER PRIMARY KEY AUTOINCREMENT,
    time_stamp TIMESTAMP,
    client_ip CHAR(512),
    user_id INTEGER REFERENCES auth_user(id) ON DELETE CASCADE,
    origin CHAR(512),
    description TEXT
);
success!
timestamp: 2012-03-26T16:14:58.063000
CREATE TABLE auth_cas(
    id INTEGER PRIMARY KEY AUTOINCREMENT,
    user_id INTEGER REFERENCES auth_user(id) ON DELETE CASCADE,
    created_on TIMESTAMP,
    service CHAR(512),
    ticket CHAR(512),
    renew CHAR(1)
);
success!
timestamp: 2012-03-26T16:44:41.345000
CREATE TABLE generos(
    id INTEGER PRIMARY KEY AUTOINCREMENT,
    nombre_genero CHAR(512)
);
success!
timestamp: 2012-03-26T16:44:41.601000
CREATE TABLE canciones(
    id INTEGER PRIMARY KEY AUTOINCREMENT,
    nombre_cancion CHAR(512),
    artista CHAR(512),
    fuente CHAR(512),
    enlace CHAR(512),
    genero TEXT,
    descargada CHAR(1),
    clase CHAR(512)
);
success!
